<?xml version="1.0" encoding="UTF-8"?>
<testsuite xmlns:xsi="http://www.w3.org/2001/XMLSchema-instance" xsi:noNamespaceSchemaLocation="https://maven.apache.org/surefire/maven-surefire-plugin/xsd/surefire-test-report.xsd" name="com.angelj.jcloudmonitor.JcloudMonitorApplicationTests" time="0.003" tests="0" errors="0" skipped="0" failures="0">
  <properties>
    <property name="sun.desktop" value="windows"/>
    <property name="awt.toolkit" value="sun.awt.windows.WToolkit"/>
    <property name="file.encoding.pkg" value="sun.io"/>
    <property name="java.specification.version" value="1.8"/>
    <property name="sun.cpu.isalist" value="amd64"/>
    <property name="sun.jnu.encoding" value="GBK"/>
    <property name="java.class.path" value="F:\PersonalProject\GitHub\jcloud\trunk\jcloud-monitor\target\test-classes;F:\PersonalProject\GitHub\jcloud\trunk\jcloud-monitor\target\classes;C:\Users\AngelJ\.m2\repository\de\codecentric\spring-boot-admin-starter-server\2.1.4\spring-boot-admin-starter-server-2.1.4.jar;C:\Users\AngelJ\.m2\repository\de\codecentric\spring-boot-admin-server\2.1.4\spring-boot-admin-server-2.1.4.jar;C:\Users\AngelJ\.m2\repository\org\springframework\boot\spring-boot-starter-webflux\2.1.4.RELEASE\spring-boot-starter-webflux-2.1.4.RELEASE.jar;C:\Users\AngelJ\.m2\repository\org\springframework\boot\spring-boot-starter-reactor-netty\2.1.4.RELEASE\spring-boot-starter-reactor-netty-2.1.4.RELEASE.jar;C:\Users\AngelJ\.m2\repository\io\projectreactor\netty\reactor-netty\0.8.6.RELEASE\reactor-netty-0.8.6.RELEASE.jar;C:\Users\AngelJ\.m2\repository\io\netty\netty-codec-http\4.1.34.Final\netty-codec-http-4.1.34.Final.jar;C:\Users\AngelJ\.m2\repository\io\netty\netty-common\4.1.34.Final\netty-common-4.1.34.Final.jar;C:\Users\AngelJ\.m2\repository\io\netty\netty-buffer\4.1.34.Final\netty-buffer-4.1.34.Final.jar;C:\Users\AngelJ\.m2\repository\io\netty\netty-transport\4.1.34.Final\netty-transport-4.1.34.Final.jar;C:\Users\AngelJ\.m2\repository\io\netty\netty-resolver\4.1.34.Final\netty-resolver-4.1.34.Final.jar;C:\Users\AngelJ\.m2\repository\io\netty\netty-codec\4.1.34.Final\netty-codec-4.1.34.Final.jar;C:\Users\AngelJ\.m2\repository\io\netty\netty-codec-http2\4.1.34.Final\netty-codec-http2-4.1.34.Final.jar;C:\Users\AngelJ\.m2\repository\io\netty\netty-handler\4.1.34.Final\netty-handler-4.1.34.Final.jar;C:\Users\AngelJ\.m2\repository\io\netty\netty-handler-proxy\4.1.34.Final\netty-handler-proxy-4.1.34.Final.jar;C:\Users\AngelJ\.m2\repository\io\netty\netty-codec-socks\4.1.34.Final\netty-codec-socks-4.1.34.Final.jar;C:\Users\AngelJ\.m2\repository\io\netty\netty-transport-native-epoll\4.1.34.Final\netty-transport-native-epoll-4.1.34.Final-linux-x86_64.jar;C:\Users\AngelJ\.m2\repository\io\netty\netty-transport-native-unix-common\4.1.34.Final\netty-transport-native-unix-common-4.1.34.Final.jar;C:\Users\AngelJ\.m2\repository\org\springframework\spring-webflux\5.1.6.RELEASE\spring-webflux-5.1.6.RELEASE.jar;C:\Users\AngelJ\.m2\repository\org\synchronoss\cloud\nio-multipart-parser\1.1.0\nio-multipart-parser-1.1.0.jar;C:\Users\AngelJ\.m2\repository\org\slf4j\slf4j-api\1.7.26\slf4j-api-1.7.26.jar;C:\Users\AngelJ\.m2\repository\org\synchronoss\cloud\nio-stream-storage\1.1.3\nio-stream-storage-1.1.3.jar;C:\Users\AngelJ\.m2\repository\org\springframework\boot\spring-boot-starter-thymeleaf\2.1.4.RELEASE\spring-boot-starter-thymeleaf-2.1.4.RELEASE.jar;C:\Users\AngelJ\.m2\repository\org\thymeleaf\thymeleaf-spring5\3.0.11.RELEASE\thymeleaf-spring5-3.0.11.RELEASE.jar;C:\Users\AngelJ\.m2\repository\org\thymeleaf\thymeleaf\3.0.11.RELEASE\thymeleaf-3.0.11.RELEASE.jar;C:\Users\AngelJ\.m2\repository\org\attoparser\attoparser\2.0.5.RELEASE\attoparser-2.0.5.RELEASE.jar;C:\Users\AngelJ\.m2\repository\org\unbescape\unbescape\1.1.6.RELEASE\unbescape-1.1.6.RELEASE.jar;C:\Users\AngelJ\.m2\repository\org\thymeleaf\extras\thymeleaf-extras-java8time\3.0.4.RELEASE\thymeleaf-extras-java8time-3.0.4.RELEASE.jar;C:\Users\AngelJ\.m2\repository\org\springframework\boot\spring-boot-starter-actuator\2.1.4.RELEASE\spring-boot-starter-actuator-2.1.4.RELEASE.jar;C:\Users\AngelJ\.m2\repository\org\springframework\boot\spring-boot-actuator-autoconfigure\2.1.4.RELEASE\spring-boot-actuator-autoconfigure-2.1.4.RELEASE.jar;C:\Users\AngelJ\.m2\repository\org\springframework\boot\spring-boot-actuator\2.1.4.RELEASE\spring-boot-actuator-2.1.4.RELEASE.jar;C:\Users\AngelJ\.m2\repository\io\micrometer\micrometer-core\1.1.4\micrometer-core-1.1.4.jar;C:\Users\AngelJ\.m2\repository\org\hdrhistogram\HdrHistogram\2.1.9\HdrHistogram-2.1.9.jar;C:\Users\AngelJ\.m2\repository\org\latencyutils\LatencyUtils\2.0.3\LatencyUtils-2.0.3.jar;C:\Users\AngelJ\.m2\repository\io\projectreactor\addons\reactor-extra\3.2.2.RELEASE\reactor-extra-3.2.2.RELEASE.jar;C:\Users\AngelJ\.m2\repository\io\projectreactor\reactor-core\3.2.8.RELEASE\reactor-core-3.2.8.RELEASE.jar;C:\Users\AngelJ\.m2\repository\org\reactivestreams\reactive-streams\1.0.2\reactive-streams-1.0.2.jar;C:\Users\AngelJ\.m2\repository\de\codecentric\spring-boot-admin-server-ui\2.1.4\spring-boot-admin-server-ui-2.1.4.jar;C:\Users\AngelJ\.m2\repository\de\codecentric\spring-boot-admin-server-cloud\2.1.4\spring-boot-admin-server-cloud-2.1.4.jar;C:\Users\AngelJ\.m2\repository\org\springframework\boot\spring-boot-starter-web\2.1.4.RELEASE\spring-boot-starter-web-2.1.4.RELEASE.jar;C:\Users\AngelJ\.m2\repository\org\springframework\boot\spring-boot-starter\2.1.4.RELEASE\spring-boot-starter-2.1.4.RELEASE.jar;C:\Users\AngelJ\.m2\repository\org\springframework\boot\spring-boot\2.1.4.RELEASE\spring-boot-2.1.4.RELEASE.jar;C:\Users\AngelJ\.m2\repository\org\springframework\boot\spring-boot-autoconfigure\2.1.4.RELEASE\spring-boot-autoconfigure-2.1.4.RELEASE.jar;C:\Users\AngelJ\.m2\repository\org\springframework\boot\spring-boot-starter-logging\2.1.4.RELEASE\spring-boot-starter-logging-2.1.4.RELEASE.jar;C:\Users\AngelJ\.m2\repository\ch\qos\logback\logback-classic\1.2.3\logback-classic-1.2.3.jar;C:\Users\AngelJ\.m2\repository\ch\qos\logback\logback-core\1.2.3\logback-core-1.2.3.jar;C:\Users\AngelJ\.m2\repository\org\apache\logging\log4j\log4j-to-slf4j\2.11.2\log4j-to-slf4j-2.11.2.jar;C:\Users\AngelJ\.m2\repository\org\apache\logging\log4j\log4j-api\2.11.2\log4j-api-2.11.2.jar;C:\Users\AngelJ\.m2\repository\org\slf4j\jul-to-slf4j\1.7.26\jul-to-slf4j-1.7.26.jar;C:\Users\AngelJ\.m2\repository\javax\annotation\javax.annotation-api\1.3.2\javax.annotation-api-1.3.2.jar;C:\Users\AngelJ\.m2\repository\org\springframework\spring-core\5.1.6.RELEASE\spring-core-5.1.6.RELEASE.jar;C:\Users\AngelJ\.m2\repository\org\springframework\spring-jcl\5.1.6.RELEASE\spring-jcl-5.1.6.RELEASE.jar;C:\Users\AngelJ\.m2\repository\org\yaml\snakeyaml\1.23\snakeyaml-1.23.jar;C:\Users\AngelJ\.m2\repository\org\springframework\boot\spring-boot-starter-json\2.1.4.RELEASE\spring-boot-starter-json-2.1.4.RELEASE.jar;C:\Users\AngelJ\.m2\repository\com\fasterxml\jackson\core\jackson-databind\2.9.8\jackson-databind-2.9.8.jar;C:\Users\AngelJ\.m2\repository\com\fasterxml\jackson\core\jackson-annotations\2.9.0\jackson-annotations-2.9.0.jar;C:\Users\AngelJ\.m2\repository\com\fasterxml\jackson\core\jackson-core\2.9.8\jackson-core-2.9.8.jar;C:\Users\AngelJ\.m2\repository\com\fasterxml\jackson\datatype\jackson-datatype-jdk8\2.9.8\jackson-datatype-jdk8-2.9.8.jar;C:\Users\AngelJ\.m2\repository\com\fasterxml\jackson\datatype\jackson-datatype-jsr310\2.9.8\jackson-datatype-jsr310-2.9.8.jar;C:\Users\AngelJ\.m2\repository\com\fasterxml\jackson\module\jackson-module-parameter-names\2.9.8\jackson-module-parameter-names-2.9.8.jar;C:\Users\AngelJ\.m2\repository\org\springframework\boot\spring-boot-starter-tomcat\2.1.4.RELEASE\spring-boot-starter-tomcat-2.1.4.RELEASE.jar;C:\Users\AngelJ\.m2\repository\org\apache\tomcat\embed\tomcat-embed-core\9.0.17\tomcat-embed-core-9.0.17.jar;C:\Users\AngelJ\.m2\repository\org\apache\tomcat\embed\tomcat-embed-el\9.0.17\tomcat-embed-el-9.0.17.jar;C:\Users\AngelJ\.m2\repository\org\apache\tomcat\embed\tomcat-embed-websocket\9.0.17\tomcat-embed-websocket-9.0.17.jar;C:\Users\AngelJ\.m2\repository\org\hibernate\validator\hibernate-validator\6.0.16.Final\hibernate-validator-6.0.16.Final.jar;C:\Users\AngelJ\.m2\repository\javax\validation\validation-api\2.0.1.Final\validation-api-2.0.1.Final.jar;C:\Users\AngelJ\.m2\repository\org\jboss\logging\jboss-logging\3.3.2.Final\jboss-logging-3.3.2.Final.jar;C:\Users\AngelJ\.m2\repository\com\fasterxml\classmate\1.4.0\classmate-1.4.0.jar;C:\Users\AngelJ\.m2\repository\org\springframework\spring-web\5.1.6.RELEASE\spring-web-5.1.6.RELEASE.jar;C:\Users\AngelJ\.m2\repository\org\springframework\spring-beans\5.1.6.RELEASE\spring-beans-5.1.6.RELEASE.jar;C:\Users\AngelJ\.m2\repository\org\springframework\spring-webmvc\5.1.6.RELEASE\spring-webmvc-5.1.6.RELEASE.jar;C:\Users\AngelJ\.m2\repository\org\springframework\spring-aop\5.1.6.RELEASE\spring-aop-5.1.6.RELEASE.jar;C:\Users\AngelJ\.m2\repository\org\springframework\spring-context\5.1.6.RELEASE\spring-context-5.1.6.RELEASE.jar;C:\Users\AngelJ\.m2\repository\org\springframework\spring-expression\5.1.6.RELEASE\spring-expression-5.1.6.RELEASE.jar;"/>
    <property name="java.vm.vendor" value="Oracle Corporation"/>
    <property name="sun.arch.data.model" value="64"/>
    <property name="user.variant" value=""/>
    <property name="java.vendor.url" value="http://java.oracle.com/"/>
    <property name="user.timezone" value="Asia/Shanghai"/>
    <property name="java.vm.specification.version" value="1.8"/>
    <property name="os.name" value="Windows 10"/>
    <property name="user.country" value="CN"/>
    <property name="sun.java.launcher" value="SUN_STANDARD"/>
    <property name="sun.boot.library.path" value="D:\Java\jdk1.8.0_121\jre\bin"/>
    <property name="sun.java.command" value="C:\Users\AngelJ\AppData\Local\Temp\surefire2138248123744238090\surefirebooter2159462322020225082.jar C:\Users\AngelJ\AppData\Local\Temp\surefire2138248123744238090 2019-05-20T17-06-21_794-jvmRun1 surefire2858503604760653379tmp surefire_04778819251826474843tmp"/>
    <property name="surefire.test.class.path" value="F:\PersonalProject\GitHub\jcloud\trunk\jcloud-monitor\target\test-classes;F:\PersonalProject\GitHub\jcloud\trunk\jcloud-monitor\target\classes;C:\Users\AngelJ\.m2\repository\de\codecentric\spring-boot-admin-starter-server\2.1.4\spring-boot-admin-starter-server-2.1.4.jar;C:\Users\AngelJ\.m2\repository\de\codecentric\spring-boot-admin-server\2.1.4\spring-boot-admin-server-2.1.4.jar;C:\Users\AngelJ\.m2\repository\org\springframework\boot\spring-boot-starter-webflux\2.1.4.RELEASE\spring-boot-starter-webflux-2.1.4.RELEASE.jar;C:\Users\AngelJ\.m2\repository\org\springframework\boot\spring-boot-starter-reactor-netty\2.1.4.RELEASE\spring-boot-starter-reactor-netty-2.1.4.RELEASE.jar;C:\Users\AngelJ\.m2\repository\io\projectreactor\netty\reactor-netty\0.8.6.RELEASE\reactor-netty-0.8.6.RELEASE.jar;C:\Users\AngelJ\.m2\repository\io\netty\netty-codec-http\4.1.34.Final\netty-codec-http-4.1.34.Final.jar;C:\Users\AngelJ\.m2\repository\io\netty\netty-common\4.1.34.Final\netty-common-4.1.34.Final.jar;C:\Users\AngelJ\.m2\repository\io\netty\netty-buffer\4.1.34.Final\netty-buffer-4.1.34.Final.jar;C:\Users\AngelJ\.m2\repository\io\netty\netty-transport\4.1.34.Final\netty-transport-4.1.34.Final.jar;C:\Users\AngelJ\.m2\repository\io\netty\netty-resolver\4.1.34.Final\netty-resolver-4.1.34.Final.jar;C:\Users\AngelJ\.m2\repository\io\netty\netty-codec\4.1.34.Final\netty-codec-4.1.34.Final.jar;C:\Users\AngelJ\.m2\repository\io\netty\netty-codec-http2\4.1.34.Final\netty-codec-http2-4.1.34.Final.jar;C:\Users\AngelJ\.m2\repository\io\netty\netty-handler\4.1.34.Final\netty-handler-4.1.34.Final.jar;C:\Users\AngelJ\.m2\repository\io\netty\netty-handler-proxy\4.1.34.Final\netty-handler-proxy-4.1.34.Final.jar;C:\Users\AngelJ\.m2\repository\io\netty\netty-codec-socks\4.1.34.Final\netty-codec-socks-4.1.34.Final.jar;C:\Users\AngelJ\.m2\repository\io\netty\netty-transport-native-epoll\4.1.34.Final\netty-transport-native-epoll-4.1.34.Final-linux-x86_64.jar;C:\Users\AngelJ\.m2\repository\io\netty\netty-transport-native-unix-common\4.1.34.Final\netty-transport-native-unix-common-4.1.34.Final.jar;C:\Users\AngelJ\.m2\repository\org\springframework\spring-webflux\5.1.6.RELEASE\spring-webflux-5.1.6.RELEASE.jar;C:\Users\AngelJ\.m2\repository\org\synchronoss\cloud\nio-multipart-parser\1.1.0\nio-multipart-parser-1.1.0.jar;C:\Users\AngelJ\.m2\repository\org\slf4j\slf4j-api\1.7.26\slf4j-api-1.7.26.jar;C:\Users\AngelJ\.m2\repository\org\synchronoss\cloud\nio-stream-storage\1.1.3\nio-stream-storage-1.1.3.jar;C:\Users\AngelJ\.m2\repository\org\springframework\boot\spring-boot-starter-thymeleaf\2.1.4.RELEASE\spring-boot-starter-thymeleaf-2.1.4.RELEASE.jar;C:\Users\AngelJ\.m2\repository\org\thymeleaf\thymeleaf-spring5\3.0.11.RELEASE\thymeleaf-spring5-3.0.11.RELEASE.jar;C:\Users\AngelJ\.m2\repository\org\thymeleaf\thymeleaf\3.0.11.RELEASE\thymeleaf-3.0.11.RELEASE.jar;C:\Users\AngelJ\.m2\repository\org\attoparser\attoparser\2.0.5.RELEASE\attoparser-2.0.5.RELEASE.jar;C:\Users\AngelJ\.m2\repository\org\unbescape\unbescape\1.1.6.RELEASE\unbescape-1.1.6.RELEASE.jar;C:\Users\AngelJ\.m2\repository\org\thymeleaf\extras\thymeleaf-extras-java8time\3.0.4.RELEASE\thymeleaf-extras-java8time-3.0.4.RELEASE.jar;C:\Users\AngelJ\.m2\repository\org\springframework\boot\spring-boot-starter-actuator\2.1.4.RELEASE\spring-boot-starter-actuator-2.1.4.RELEASE.jar;C:\Users\AngelJ\.m2\repository\org\springframework\boot\spring-boot-actuator-autoconfigure\2.1.4.RELEASE\spring-boot-actuator-autoconfigure-2.1.4.RELEASE.jar;C:\Users\AngelJ\.m2\repository\org\springframework\boot\spring-boot-actuator\2.1.4.RELEASE\spring-boot-actuator-2.1.4.RELEASE.jar;C:\Users\AngelJ\.m2\repository\io\micrometer\micrometer-core\1.1.4\micrometer-core-1.1.4.jar;C:\Users\AngelJ\.m2\repository\org\hdrhistogram\HdrHistogram\2.1.9\HdrHistogram-2.1.9.jar;C:\Users\AngelJ\.m2\repository\org\latencyutils\LatencyUtils\2.0.3\LatencyUtils-2.0.3.jar;C:\Users\AngelJ\.m2\repository\io\projectreactor\addons\reactor-extra\3.2.2.RELEASE\reactor-extra-3.2.2.RELEASE.jar;C:\Users\AngelJ\.m2\repository\io\projectreactor\reactor-core\3.2.8.RELEASE\reactor-core-3.2.8.RELEASE.jar;C:\Users\AngelJ\.m2\repository\org\reactivestreams\reactive-streams\1.0.2\reactive-streams-1.0.2.jar;C:\Users\AngelJ\.m2\repository\de\codecentric\spring-boot-admin-server-ui\2.1.4\spring-boot-admin-server-ui-2.1.4.jar;C:\Users\AngelJ\.m2\repository\de\codecentric\spring-boot-admin-server-cloud\2.1.4\spring-boot-admin-server-cloud-2.1.4.jar;C:\Users\AngelJ\.m2\repository\org\springframework\boot\spring-boot-starter-web\2.1.4.RELEASE\spring-boot-starter-web-2.1.4.RELEASE.jar;C:\Users\AngelJ\.m2\repository\org\springframework\boot\spring-boot-starter\2.1.4.RELEASE\spring-boot-starter-2.1.4.RELEASE.jar;C:\Users\AngelJ\.m2\repository\org\springframework\boot\spring-boot\2.1.4.RELEASE\spring-boot-2.1.4.RELEASE.jar;C:\Users\AngelJ\.m2\repository\org\springframework\boot\spring-boot-autoconfigure\2.1.4.RELEASE\spring-boot-autoconfigure-2.1.4.RELEASE.jar;C:\Users\AngelJ\.m2\repository\org\springframework\boot\spring-boot-starter-logging\2.1.4.RELEASE\spring-boot-starter-logging-2.1.4.RELEASE.jar;C:\Users\AngelJ\.m2\repository\ch\qos\logback\logback-classic\1.2.3\logback-classic-1.2.3.jar;C:\Users\AngelJ\.m2\repository\ch\qos\logback\logback-core\1.2.3\logback-core-1.2.3.jar;C:\Users\AngelJ\.m2\repository\org\apache\logging\log4j\log4j-to-slf4j\2.11.2\log4j-to-slf4j-2.11.2.jar;C:\Users\AngelJ\.m2\repository\org\apache\logging\log4j\log4j-api\2.11.2\log4j-api-2.11.2.jar;C:\Users\AngelJ\.m2\repository\org\slf4j\jul-to-slf4j\1.7.26\jul-to-slf4j-1.7.26.jar;C:\Users\AngelJ\.m2\repository\javax\annotation\javax.annotation-api\1.3.2\javax.annotation-api-1.3.2.jar;C:\Users\AngelJ\.m2\repository\org\springframework\spring-core\5.1.6.RELEASE\spring-core-5.1.6.RELEASE.jar;C:\Users\AngelJ\.m2\repository\org\springframework\spring-jcl\5.1.6.RELEASE\spring-jcl-5.1.6.RELEASE.jar;C:\Users\AngelJ\.m2\repository\org\yaml\snakeyaml\1.23\snakeyaml-1.23.jar;C:\Users\AngelJ\.m2\repository\org\springframework\boot\spring-boot-starter-json\2.1.4.RELEASE\spring-boot-starter-json-2.1.4.RELEASE.jar;C:\Users\AngelJ\.m2\repository\com\fasterxml\jackson\core\jackson-databind\2.9.8\jackson-databind-2.9.8.jar;C:\Users\AngelJ\.m2\repository\com\fasterxml\jackson\core\jackson-annotations\2.9.0\jackson-annotations-2.9.0.jar;C:\Users\AngelJ\.m2\repository\com\fasterxml\jackson\core\jackson-core\2.9.8\jackson-core-2.9.8.jar;C:\Users\AngelJ\.m2\repository\com\fasterxml\jackson\datatype\jackson-datatype-jdk8\2.9.8\jackson-datatype-jdk8-2.9.8.jar;C:\Users\AngelJ\.m2\repository\com\fasterxml\jackson\datatype\jackson-datatype-jsr310\2.9.8\jackson-datatype-jsr310-2.9.8.jar;C:\Users\AngelJ\.m2\repository\com\fasterxml\jackson\module\jackson-module-parameter-names\2.9.8\jackson-module-parameter-names-2.9.8.jar;C:\Users\AngelJ\.m2\repository\org\springframework\boot\spring-boot-starter-tomcat\2.1.4.RELEASE\spring-boot-starter-tomcat-2.1.4.RELEASE.jar;C:\Users\AngelJ\.m2\repository\org\apache\tomcat\embed\tomcat-embed-core\9.0.17\tomcat-embed-core-9.0.17.jar;C:\Users\AngelJ\.m2\repository\org\apache\tomcat\embed\tomcat-embed-el\9.0.17\tomcat-embed-el-9.0.17.jar;C:\Users\AngelJ\.m2\repository\org\apache\tomcat\embed\tomcat-embed-websocket\9.0.17\tomcat-embed-websocket-9.0.17.jar;C:\Users\AngelJ\.m2\repository\org\hibernate\validator\hibernate-validator\6.0.16.Final\hibernate-validator-6.0.16.Final.jar;C:\Users\AngelJ\.m2\repository\javax\validation\validation-api\2.0.1.Final\validation-api-2.0.1.Final.jar;C:\Users\AngelJ\.m2\repository\org\jboss\logging\jboss-logging\3.3.2.Final\jboss-logging-3.3.2.Final.jar;C:\Users\AngelJ\.m2\repository\com\fasterxml\classmate\1.4.0\classmate-1.4.0.jar;C:\Users\AngelJ\.m2\repository\org\springframework\spring-web\5.1.6.RELEASE\spring-web-5.1.6.RELEASE.jar;C:\Users\AngelJ\.m2\repository\org\springframework\spring-beans\5.1.6.RELEASE\spring-beans-5.1.6.RELEASE.jar;C:\Users\AngelJ\.m2\repository\org\springframework\spring-webmvc\5.1.6.RELEASE\spring-webmvc-5.1.6.RELEASE.jar;C:\Users\AngelJ\.m2\repository\org\springframework\spring-aop\5.1.6.RELEASE\spring-aop-5.1.6.RELEASE.jar;C:\Users\AngelJ\.m2\repository\org\springframework\spring-context\5.1.6.RELEASE\spring-context-5.1.6.RELEASE.jar;C:\Users\AngelJ\.m2\repository\org\springframework\spring-expression\5.1.6.RELEASE\spring-expression-5.1.6.RELEASE.jar;"/>
    <property name="sun.cpu.endian" value="little"/>
    <property name="user.home" value="C:\Users\AngelJ"/>
    <property name="user.language" value="zh"/>
    <property name="java.specification.vendor" value="Oracle Corporation"/>
    <property name="java.home" value="D:\Java\jdk1.8.0_121\jre"/>
    <property name="basedir" value="F:\PersonalProject\GitHub\jcloud\trunk\jcloud-monitor"/>
    <property name="file.separator" value="\"/>
    <property name="line.separator" value="&#10;"/>
    <property name="java.vm.specification.vendor" value="Oracle Corporation"/>
    <property name="java.specification.name" value="Java Platform API Specification"/>
    <property name="java.awt.graphicsenv" value="sun.awt.Win32GraphicsEnvironment"/>
    <property name="surefire.real.class.path" value="C:\Users\AngelJ\AppData\Local\Temp\surefire2138248123744238090\surefirebooter2159462322020225082.jar"/>
    <property name="sun.boot.class.path" value="D:\Java\jdk1.8.0_121\jre\lib\resources.jar;D:\Java\jdk1.8.0_121\jre\lib\rt.jar;D:\Java\jdk1.8.0_121\jre\lib\sunrsasign.jar;D:\Java\jdk1.8.0_121\jre\lib\jsse.jar;D:\Java\jdk1.8.0_121\jre\lib\jce.jar;D:\Java\jdk1.8.0_121\jre\lib\charsets.jar;D:\Java\jdk1.8.0_121\jre\lib\jfr.jar;D:\Java\jdk1.8.0_121\jre\classes"/>
    <property name="user.script" value=""/>
    <property name="sun.management.compiler" value="HotSpot 64-Bit Tiered Compilers"/>
    <property name="java.runtime.version" value="1.8.0_121-b13"/>
    <property name="user.name" value="AngelJ"/>
    <property name="path.separator" value=";"/>
    <property name="os.version" value="10.0"/>
    <property name="java.endorsed.dirs" value="D:\Java\jdk1.8.0_121\jre\lib\endorsed"/>
    <property name="java.runtime.name" value="Java(TM) SE Runtime Environment"/>
    <property name="file.encoding" value="GBK"/>
    <property name="java.vm.name" value="Java HotSpot(TM) 64-Bit Server VM"/>
    <property name="localRepository" value="C:\Users\AngelJ\.m2\repository"/>
    <property name="java.vendor.url.bug" value="http://bugreport.sun.com/bugreport/"/>
    <property name="java.io.tmpdir" value="C:\Users\AngelJ\AppData\Local\Temp\"/>
    <property name="idea.version" value="2017.2"/>
    <property name="java.version" value="1.8.0_121"/>
    <property name="user.dir" value="F:\PersonalProject\GitHub\jcloud\trunk\jcloud-monitor"/>
    <property name="os.arch" value="amd64"/>
    <property name="java.vm.specification.name" value="Java Virtual Machine Specification"/>
    <property name="java.awt.printerjob" value="sun.awt.windows.WPrinterJob"/>
    <property name="sun.os.patch.level" value=""/>
    <property name="java.library.path" value="D:\Java\jdk1.8.0_121\jre\bin;C:\WINDOWS\Sun\Java\bin;C:\WINDOWS\system32;C:\WINDOWS;D:\Python36\Scripts\;D:\Python36\;D:\Perl\site\bin;D:\Perl\bin;D:\Java\jdk1.8.0_121\bin;D:\hadoop-2.8.4\bin;C:\ProgramData\Oracle\Java\javapath;G:\app\instantclient-basic-win32-11.2.0.1.0\instantclient_11_2;G:\app\AngelJ\product\11.2.0\dbhome_1\bin;C:\Program Files (x86)\Intel\iCLS Client\;C:\Program Files\Intel\iCLS Client\;C:\WINDOWS\system32;C:\WINDOWS;C:\WINDOWS\System32\Wbem;C:\WINDOWS\System32\WindowsPowerShell\v1.0\;C:\Program Files\Intel\Intel(R) Management Engine Components\DAL;C:\Program Files (x86)\Intel\Intel(R) Management Engine Components\DAL;C:\Program Files\Intel\Intel(R) Management Engine Components\IPT;C:\Program Files (x86)\Intel\Intel(R) Management Engine Components\IPT;C:\Program Files (x86)\Microsoft SQL Server\100\Tools\Binn\;C:\Program Files\Microsoft SQL Server\100\Tools\Binn\;C:\Program Files\Microsoft SQL Server\100\DTS\Binn\;C:\Program Files\Microsoft SQL Server\110\Tools\Binn\;C:\Program Files (x86)\Microsoft SQL Server\100\Tools\Binn\VSShell\Common7\IDE\;C:\Program Files (x86)\Microsoft Visual Studio 9.0\Common7\IDE\PrivateAssemblies\;C:\Program Files (x86)\Microsoft SQL Server\100\DTS\Binn\;D:\Program Files\TortoiseSVN\bin;D:\Program Files (x86)\VisualSVN\bin;C:\Program Files (x86)\Windows Kits\8.1\Windows Performance Toolkit\;C:\Program Files (x86)\Microsoft SDKs\TypeScript\1.0\;C:\Program Files\Microsoft SQL Server\120\Tools\Binn\;C:\Users\AngelJ\.dnx\bin;C:\Program Files\Microsoft DNX\Dnvm\;C:\Program Files\Microsoft SQL Server\130\Tools\Binn\;C:\Program Files\Intel\WiFi\bin\;C:\Program Files\Common Files\Intel\WirelessCommon\;D:\Program Files\nodejs\;C:\Program Files\OpenVPN\bin;C:\Program Files\Git\cmd;e:\Program Files\IDM Computer Solutions\UltraEdit;C:\WINDOWS\System32\OpenSSH\;E:\Go\bin;E:\opencv\3.4.3\build\x64\vc15\bin;d:\Program Files\Microsoft VS Code\bin;G:\Software\C++\swig\swigwin-3.0.12\swigwin-3.0.12;C:\Program Files (x86)\NVIDIA Corporation\PhysX\Common;C:\Program Files\NVIDIA GPU Computing Toolkit\CUDA\v9.0\bin;C:\Program Files\NVIDIA GPU Computing Toolkit\CUDA\v9.0\extras\CUPTI\libx64;D:\cudnn-9.0-windows10-x64-v7.4.1.5\cuda\bin;G:\Software\Android\android-ndk-r15c-windows-x86_64\android-ndk-r15c;;C:\Program Files\NVIDIA Corporation\NVIDIA NvDLISR;%SystemRoot%\system32;%SystemRoot%;%SystemRoot%\System32\Wbem;%SYSTEMROOT%\System32\WindowsPowerShell\v1.0\;%SYSTEMROOT%\System32\OpenSSH\;D:\Program Files\JetBrains\IntelliJ IDEA 2017.2\plugins\maven\lib\maven3\bin;C:\Program Files\Intel\WiFi\bin\;C:\Program Files\Common Files\Intel\WirelessCommon\;C:\Users\AngelJ\AppData\Roaming\npm;C:\Users\AngelJ\AppData\Local\GitHubDesktop\bin;C:\Users\AngelJ\AppData\Local\Microsoft\WindowsApps;D:\Program Files\Fiddler;d:\Program Files\Microsoft VS Code\bin;F:\Go\bin;E:\Program Files (x86)\ABBYY SDK\11\FlexiCapture Engine\Bin;C:\Program Files\NVIDIA Corporation\NVSMI;;C:\Users\AngelJ\AppData\Local\Microsoft\WindowsApps;d:\Program Files\Docker Toolbox;."/>
    <property name="java.vm.info" value="mixed mode"/>
    <property name="java.vendor" value="Oracle Corporation"/>
    <property name="java.vm.version" value="25.121-b13"/>
    <property name="java.ext.dirs" value="D:\Java\jdk1.8.0_121\jre\lib\ext;C:\WINDOWS\Sun\Java\lib\ext"/>
    <property name="sun.io.unicode.encoding" value="UnicodeLittle"/>
    <property name="java.class.version" value="52.0"/>
  </properties>
</testsuite>